<?xml version="1.0" ?>
<!DOCTYPE coverage SYSTEM "http://cobertura.sourceforge.net/xml/coverage-04.dtd">
<coverage lines-valid="16" lines-covered="16" line-rate="1" branches-valid="6" branches-covered="5" branch-rate="0.8332999999999999" timestamp="1746917126964" complexity="0" version="0.1">
  <sources>
    <source>/home/vin/Desktop/Practice/Projects/SDP PROJECT/Projects 3/Uni-Research-Collab-Platform/server</source>
  </sources>
  <packages>
    <package name="main" line-rate="1" branch-rate="0.8332999999999999">
      <classes>
        <class name="Users.js" filename="controllers/Users.js" line-rate="1" branch-rate="0.8332999999999999">
          <methods>
            <method name="insert_Users" hits="3" signature="()V">
              <lines>
                <line number="3" hits="3"/>
              </lines>
            </method>
            <method name="get_User_By_Email" hits="3" signature="()V">
              <lines>
                <line number="21" hits="3"/>
              </lines>
            </method>
          </methods>
          <lines>
            <line number="1" hits="1" branch="false"/>
            <line number="4" hits="3" branch="false"/>
            <line number="5" hits="3" branch="false"/>
            <line number="9" hits="1" branch="false"/>
            <line number="11" hits="2" branch="false"/>
            <line number="13" hits="2" branch="true" condition-coverage="100% (2/2)"/>
            <line number="14" hits="1" branch="false"/>
            <line number="17" hits="1" branch="false"/>
            <line number="22" hits="3" branch="false"/>
            <line number="23" hits="3" branch="false"/>
            <line number="24" hits="3" branch="false"/>
            <line number="27" hits="2" branch="true" condition-coverage="50% (1/2)"/>
            <line number="28" hits="2" branch="true" condition-coverage="100% (2/2)"/>
            <line number="30" hits="1" branch="false"/>
            <line number="31" hits="1" branch="false"/>
            <line number="35" hits="1" branch="false"/>
          </lines>
        </class>
      </classes>
    </package>
  </packages>
</coverage>
